Nonterminals useless in grammar

    FUNCTION
    ARGUMENT
    LINES
    EXPR
    INITIALISE
    DEFINE
    OPERATIONS
    CONDITION
    FOR_CONDITION
    FOR_STEP


Terminals unused in grammar

    T_EQUAL
    T_LCURBRACKET
    T_RCULBRACKET
    T_SEMICOLON
    T_COMMA
    T_LSQBRACKET
    T_RSQBRACKET
    T_COLON
    T_TILDE
    T_HASH
    T_EXCLAMATIONMARK
    T_QUESTIONMARK
    T_LOG
    T_EXP
    T_SQRT
    T_RETURN
    T_IF
    T_WHILE
    T_FOR
    T_BREAK
    T_VALUE
    T_TYPE
    FUNCTION_NAME


State 9 conflicts: 1 shift/reduce
State 10 conflicts: 1 shift/reduce


Grammar

    0 $accept: ROOT $end

    1 ROOT: EQUATION

    2 EQUATION: EQUATION T_PLUS TERM
    3         | EQUATION T_MINUS TERM
    4         | TERM

    5 TERM: TERM T_TIMES UNARY
    6     | TERM T_DIVIDE UNARY
    7     | UNARY

    8 UNARY: T_MINUS FACTOR
    9      | FACTOR

   10 FACTOR: T_NUMBER
   11       | T_VARIABLE
   12       | FACTOR T_EXPONENT UNARY
   13       | T_LBRACKET EQUATION T_RBRACKET


Terminals, with rules where they appear

    $end (0) 0
    error (256)
    T_TIMES (258) 5
    T_DIVIDE (259) 6
    T_PLUS (260) 2
    T_MINUS (261) 3 8
    T_EXPONENT (262) 12
    T_EQUAL (263)
    T_LBRACKET (264) 13
    T_RBRACKET (265) 13
    T_LCURBRACKET (266)
    T_RCULBRACKET (267)
    T_SEMICOLON (268)
    T_COMMA (269)
    T_LSQBRACKET (270)
    T_RSQBRACKET (271)
    T_COLON (272)
    T_TILDE (273)
    T_HASH (274)
    T_EXCLAMATIONMARK (275)
    T_QUESTIONMARK (276)
    T_LOG <string> (277)
    T_EXP <string> (278)
    T_SQRT <string> (279)
    T_RETURN (280)
    T_IF (281)
    T_WHILE (282)
    T_FOR (283)
    T_BREAK (284)
    T_NUMBER <number> (285) 10
    T_VALUE <number> (286)
    T_VARIABLE <string> (287) 11
    T_TYPE <expr> (288)
    FUNCTION_NAME <string> (289)


Nonterminals, with rules where they appear

    $accept (35)
        on left: 0
    ROOT (36)
        on left: 1
        on right: 0
    EQUATION <expr> (37)
        on left: 2 3 4
        on right: 1 2 3 13
    TERM <expr> (38)
        on left: 5 6 7
        on right: 2 3 4 5 6
    UNARY <expr> (39)
        on left: 8 9
        on right: 5 6 7 12
    FACTOR <expr> (40)
        on left: 10 11 12 13
        on right: 8 9 12


State 0

    0 $accept: • ROOT $end

    T_MINUS     shift, and go to state 1
    T_LBRACKET  shift, and go to state 2
    T_NUMBER    shift, and go to state 3
    T_VARIABLE  shift, and go to state 4

    ROOT      go to state 5
    EQUATION  go to state 6
    TERM      go to state 7
    UNARY     go to state 8
    FACTOR    go to state 9


State 1

    8 UNARY: T_MINUS • FACTOR

    T_LBRACKET  shift, and go to state 2
    T_NUMBER    shift, and go to state 3
    T_VARIABLE  shift, and go to state 4

    FACTOR  go to state 10


State 2

   13 FACTOR: T_LBRACKET • EQUATION T_RBRACKET

    T_MINUS     shift, and go to state 1
    T_LBRACKET  shift, and go to state 2
    T_NUMBER    shift, and go to state 3
    T_VARIABLE  shift, and go to state 4

    EQUATION  go to state 11
    TERM      go to state 7
    UNARY     go to state 8
    FACTOR    go to state 9


State 3

   10 FACTOR: T_NUMBER •

    $default  reduce using rule 10 (FACTOR)


State 4

   11 FACTOR: T_VARIABLE •

    $default  reduce using rule 11 (FACTOR)


State 5

    0 $accept: ROOT • $end

    $end  shift, and go to state 12


State 6

    1 ROOT: EQUATION •
    2 EQUATION: EQUATION • T_PLUS TERM
    3         | EQUATION • T_MINUS TERM

    T_PLUS   shift, and go to state 13
    T_MINUS  shift, and go to state 14

    $default  reduce using rule 1 (ROOT)


State 7

    4 EQUATION: TERM •
    5 TERM: TERM • T_TIMES UNARY
    6     | TERM • T_DIVIDE UNARY

    T_TIMES   shift, and go to state 15
    T_DIVIDE  shift, and go to state 16

    $default  reduce using rule 4 (EQUATION)


State 8

    7 TERM: UNARY •

    $default  reduce using rule 7 (TERM)


State 9

    9 UNARY: FACTOR •
   12 FACTOR: FACTOR • T_EXPONENT UNARY

    T_EXPONENT  shift, and go to state 17

    T_EXPONENT  [reduce using rule 9 (UNARY)]
    $default    reduce using rule 9 (UNARY)


State 10

    8 UNARY: T_MINUS FACTOR •
   12 FACTOR: FACTOR • T_EXPONENT UNARY

    T_EXPONENT  shift, and go to state 17

    T_EXPONENT  [reduce using rule 8 (UNARY)]
    $default    reduce using rule 8 (UNARY)


State 11

    2 EQUATION: EQUATION • T_PLUS TERM
    3         | EQUATION • T_MINUS TERM
   13 FACTOR: T_LBRACKET EQUATION • T_RBRACKET

    T_PLUS      shift, and go to state 13
    T_MINUS     shift, and go to state 14
    T_RBRACKET  shift, and go to state 18


State 12

    0 $accept: ROOT $end •

    $default  accept


State 13

    2 EQUATION: EQUATION T_PLUS • TERM

    T_MINUS     shift, and go to state 1
    T_LBRACKET  shift, and go to state 2
    T_NUMBER    shift, and go to state 3
    T_VARIABLE  shift, and go to state 4

    TERM    go to state 19
    UNARY   go to state 8
    FACTOR  go to state 9


State 14

    3 EQUATION: EQUATION T_MINUS • TERM

    T_MINUS     shift, and go to state 1
    T_LBRACKET  shift, and go to state 2
    T_NUMBER    shift, and go to state 3
    T_VARIABLE  shift, and go to state 4

    TERM    go to state 20
    UNARY   go to state 8
    FACTOR  go to state 9


State 15

    5 TERM: TERM T_TIMES • UNARY

    T_MINUS     shift, and go to state 1
    T_LBRACKET  shift, and go to state 2
    T_NUMBER    shift, and go to state 3
    T_VARIABLE  shift, and go to state 4

    UNARY   go to state 21
    FACTOR  go to state 9


State 16

    6 TERM: TERM T_DIVIDE • UNARY

    T_MINUS     shift, and go to state 1
    T_LBRACKET  shift, and go to state 2
    T_NUMBER    shift, and go to state 3
    T_VARIABLE  shift, and go to state 4

    UNARY   go to state 22
    FACTOR  go to state 9


State 17

   12 FACTOR: FACTOR T_EXPONENT • UNARY

    T_MINUS     shift, and go to state 1
    T_LBRACKET  shift, and go to state 2
    T_NUMBER    shift, and go to state 3
    T_VARIABLE  shift, and go to state 4

    UNARY   go to state 23
    FACTOR  go to state 9


State 18

   13 FACTOR: T_LBRACKET EQUATION T_RBRACKET •

    $default  reduce using rule 13 (FACTOR)


State 19

    2 EQUATION: EQUATION T_PLUS TERM •
    5 TERM: TERM • T_TIMES UNARY
    6     | TERM • T_DIVIDE UNARY

    T_TIMES   shift, and go to state 15
    T_DIVIDE  shift, and go to state 16

    $default  reduce using rule 2 (EQUATION)


State 20

    3 EQUATION: EQUATION T_MINUS TERM •
    5 TERM: TERM • T_TIMES UNARY
    6     | TERM • T_DIVIDE UNARY

    T_TIMES   shift, and go to state 15
    T_DIVIDE  shift, and go to state 16

    $default  reduce using rule 3 (EQUATION)


State 21

    5 TERM: TERM T_TIMES UNARY •

    $default  reduce using rule 5 (TERM)


State 22

    6 TERM: TERM T_DIVIDE UNARY •

    $default  reduce using rule 6 (TERM)


State 23

   12 FACTOR: FACTOR T_EXPONENT UNARY •

    $default  reduce using rule 12 (FACTOR)
